<?xml version="1.0" encoding="UTF-8"?>
<!-- Generated by org.testng.reporters.JUnitReportReporter -->
<testsuite hostname="DESKTOP-3JTPO5E" failures="0" tests="3" name="com.runner.HeaderFooterVerify" time="13.026" errors="0" timestamp="08 Oct 2022 12:12:25 GMT" skipped="0">
  <testcase classname="com.runner.HeaderFooterVerify" name="aTest" time="3.612"/>
  <testcase classname="com.runner.HeaderFooterVerify" name="bTest" time="2.549"/>
  <testcase classname="com.runner.HeaderFooterVerify" name="cTest" time="6.865"/>
</testsuite> <!-- com.runner.HeaderFooterVerify -->
