<?xml version="1.0" encoding="UTF-8"?>
<!-- Generated by org.testng.reporters.JUnitReportReporter -->
<testsuite hostname="DESKTOP-3JTPO5E" failures="0" tests="3" name="com.runner.NewsletterVerify" time="43.233" errors="0" timestamp="08 Oct 2022 12:12:25 GMT" skipped="0">
  <testcase classname="com.runner.NewsletterVerify" name="newsTest1" time="27.394"/>
  <testcase classname="com.runner.NewsletterVerify" name="newTest2" time="8.856"/>
  <testcase classname="com.runner.NewsletterVerify" name="newTest3" time="6.983"/>
</testsuite> <!-- com.runner.NewsletterVerify -->
