<?xml version="1.0" encoding="UTF-8"?>
<!-- Generated by org.testng.reporters.JUnitReportReporter -->
<testsuite skipped="0" hostname="DESKTOP-3JTPO5E" name="com.runner.Your_Logo_project" tests="3" failures="0" timestamp="08 Oct 2022 07:26:13 GMT" time="15.191" errors="0">
  <testcase name="bTest" time="2.417" classname="com.runner.Your_Logo_project"/>
  <testcase name="cTest" time="4.164" classname="com.runner.Your_Logo_project"/>
  <testcase name="aTest" time="8.610" classname="com.runner.Your_Logo_project"/>
</testsuite> <!-- com.runner.Your_Logo_project -->
